<?xml version="1.0" encoding="utf-8"?><testsuites name="pytest tests"><testsuite name="pytest" errors="0" failures="0" skipped="0" tests="32" time="6.026" timestamp="2026-05-02T21:41:10.591564+00:00" hostname="agent-env-ea1e5f96-9047-4260-993f-1f2c36bd3788"><testcase classname="backend.tests.test_iter2_features.TestSettings" name="test_get_settings_admin" time="0.488" /><testcase classname="backend.tests.test_iter2_features.TestSettings" name="test_member_cannot_get_settings" time="0.734" /><testcase classname="backend.tests.test_iter2_features.TestSettings" name="test_member_cannot_put_settings" time="0.046" /><testcase classname="backend.tests.test_iter2_features.TestSettings" name="test_admin_updates_settings_persists" time="0.094" /><testcase classname="backend.tests.test_iter2_features.TestSettings" name="test_admin_partial_update_does_not_clear_other_fields" time="0.104" /><testcase classname="backend.tests.test_iter2_features.TestGroupExtras" name="test_create_group_persists_rules_and_comments_flag" time="0.103" /><testcase classname="backend.tests.test_iter2_features.TestInvitations" name="test_member_cannot_create_invite" time="0.049" /><testcase classname="backend.tests.test_iter2_features.TestInvitations" name="test_admin_creates_email_invite" time="0.227" /><testcase classname="backend.tests.test_iter2_features.TestInvitations" name="test_admin_create_invite_requires_email_or_phone" time="0.104" /><testcase classname="backend.tests.test_iter2_features.TestInvitations" name="test_admin_create_invite_invalid_group" time="0.053" /><testcase classname="backend.tests.test_iter2_features.TestInvitations" name="test_list_invitations_for_group" time="0.052" /><testcase classname="backend.tests.test_iter2_features.TestInvitations" name="test_public_view_invite" time="0.155" /><testcase classname="backend.tests.test_iter2_features.TestInvitations" name="test_view_invite_invalid_token_404" time="0.111" /><testcase classname="backend.tests.test_iter2_features.TestInvitations" name="test_accept_invite_rejects_unaccepted_rules" time="0.104" /><testcase classname="backend.tests.test_iter2_features.TestInvitations" name="test_accept_invite_creates_user_and_joins_group" time="0.413" /><testcase classname="backend.tests.test_iter2_features.TestInvitations" name="test_accept_invite_marks_invitation_accepted" time="0.051" /><testcase classname="backend.tests.test_iter2_features.TestInvitations" name="test_invitee_in_group_member_list" time="0.140" /><testcase classname="backend.tests.test_iter2_features.TestInvitations" name="test_accept_invite_when_email_already_exists_409" time="0.330" /><testcase classname="backend.tests.test_iter2_features.TestInvitations" name="test_accept_invite_when_logged_in_auto_joins" time="0.404" /><testcase classname="backend.tests.test_iter2_features.TestInvitations" name="test_revoke_invitation" time="0.587" /><testcase classname="backend.tests.test_iter2_features.TestComments" name="test_outsider_cannot_list_comments" time="0.608" /><testcase classname="backend.tests.test_iter2_features.TestComments" name="test_admin_can_list_comments" time="0.050" /><testcase classname="backend.tests.test_iter2_features.TestComments" name="test_member_can_post_comment" time="0.050" /><testcase classname="backend.tests.test_iter2_features.TestComments" name="test_admin_can_post_comment" time="0.049" /><testcase classname="backend.tests.test_iter2_features.TestComments" name="test_empty_comment_rejected" time="0.056" /><testcase classname="backend.tests.test_iter2_features.TestComments" name="test_outsider_cannot_post_comment" time="0.055" /><testcase classname="backend.tests.test_iter2_features.TestComments" name="test_member_cannot_delete_admin_comment" time="0.046" /><testcase classname="backend.tests.test_iter2_features.TestComments" name="test_owner_can_delete_own_comment" time="0.047" /><testcase classname="backend.tests.test_iter2_features.TestComments" name="test_admin_can_delete_others_comment" time="0.108" /><testcase classname="backend.tests.test_iter2_features.TestComments" name="test_disable_comments_blocks_members_but_not_admin" time="0.379" /><testcase classname="backend.tests.test_iter2_features.TestRegressionSmoke" name="test_admin_dashboard_stats" time="0.056" /><testcase classname="backend.tests.test_iter2_features.TestRegressionSmoke" name="test_audit_logs_recorded" time="0.057" /></testsuite></testsuites>