<?xml version="1.0" encoding="utf-8"?><testsuites name="pytest tests"><testsuite name="pytest" errors="0" failures="0" skipped="0" tests="21" time="2.792" timestamp="2026-05-02T20:54:45.974342+00:00" hostname="agent-env-ea1e5f96-9047-4260-993f-1f2c36bd3788"><testcase classname="backend.tests.backend_test.TestAuth" name="test_me_unauth_401" time="0.159" /><testcase classname="backend.tests.backend_test.TestAuth" name="test_register_returns_user_and_token" time="0.414" /><testcase classname="backend.tests.backend_test.TestAuth" name="test_admin_login_super_admin" time="0.386" /><testcase classname="backend.tests.backend_test.TestGroups" name="test_member_cannot_create_group" time="0.054" /><testcase classname="backend.tests.backend_test.TestGroups" name="test_admin_creates_group_with_cycles" time="0.106" /><testcase classname="backend.tests.backend_test.TestGroups" name="test_member_cannot_add_member" time="0.051" /><testcase classname="backend.tests.backend_test.TestGroups" name="test_admin_adds_member_generates_status" time="0.106" /><testcase classname="backend.tests.backend_test.TestGroups" name="test_my_groups_returns_group" time="0.056" /><testcase classname="backend.tests.backend_test.TestGroups" name="test_group_detail_member_access" time="0.073" /><testcase classname="backend.tests.backend_test.TestGroups" name="test_group_detail_unrelated_member_403" time="0.430" /><testcase classname="backend.tests.backend_test.TestPayments" name="test_member_uploads_payment" time="0.055" /><testcase classname="backend.tests.backend_test.TestPayments" name="test_admin_sees_pending" time="0.053" /><testcase classname="backend.tests.backend_test.TestPayments" name="test_admin_approves_payment" time="0.108" /><testcase classname="backend.tests.backend_test.TestPayments" name="test_reject_flow" time="0.114" /><testcase classname="backend.tests.backend_test.TestPayout" name="test_confirm_payout" time="0.105" /><testcase classname="backend.tests.backend_test.TestAdminMisc" name="test_dashboard_stats" time="0.051" /><testcase classname="backend.tests.backend_test.TestAdminMisc" name="test_audit_logs_have_actor" time="0.067" /><testcase classname="backend.tests.backend_test.TestAdminMisc" name="test_notifications" time="0.052" /><testcase classname="backend.tests.backend_test.TestVisibility" name="test_profile_visibility_change_creates_request" time="0.064" /><testcase classname="backend.tests.backend_test.TestVisibility" name="test_admin_lists_and_approves" time="0.104" /><testcase classname="backend.tests.backend_test.TestVisibility" name="test_profile_non_visibility_direct_update" time="0.080" /></testsuite></testsuites>